<?xml version="1.0" encoding="UTF-8"?>
<!-- Generated by org.testng.reporters.JUnitXMLReporter -->
<testsuite ignored="0" hostname="DESKTOP-CTP1482" failures="0" tests="3" name="Test" time="34.366" errors="0" timestamp="2022-10-10T02:58:34 GMT-07:00">
  <testcase classname="testng.Testcase1" name="login" time="0.355"/>
  <testcase classname="testng.Testcase2" name="forgotpassword" time="0.33"/>
  <testcase classname="testng.Testcase3" name="actitimeinx" time="0.162"/>
</testsuite> <!-- Test -->
