<?xml version="1.0" encoding="UTF-8"?>
<testng-results ignored="0" total="1" passed="1" failed="0" skipped="0">
  <reporter-output>
    <line>
      <![CDATA[actiTIME - Login]]>
    </line>
    <line>
      <![CDATA[https://demo.actitime.com/login.do]]>
    </line>
  </reporter-output>
  <suite started-at="2022-10-12T01:22:50 GMT-07:00" name="Failed suite [Default suite]" finished-at="2022-10-12T01:23:01 GMT-07:00" duration-ms="10879">
    <groups>
    </groups>
    <test started-at="2022-10-12T01:22:50 GMT-07:00" name="Default test(failed)" finished-at="2022-10-12T01:23:01 GMT-07:00" duration-ms="10879">
      <class name="testng.Testcase1">
        <test-method is-config="true" signature="openApp()[pri:0, instance:testng.Testcase1@79da8dc5]" started-at="2022-10-12T01:22:50 GMT-07:00" name="openApp" finished-at="2022-10-12T01:23:01 GMT-07:00" duration-ms="10303" status="PASS">
          <reporter-output>
          </reporter-output>
        </test-method> <!-- openApp -->
        <test-method signature="login()[pri:0, instance:testng.Testcase1@79da8dc5]" started-at="2022-10-12T01:23:01 GMT-07:00" name="login" finished-at="2022-10-12T01:23:01 GMT-07:00" duration-ms="333" status="PASS">
          <reporter-output>
            <line>
              <![CDATA[actiTIME - Login]]>
            </line>
            <line>
              <![CDATA[https://demo.actitime.com/login.do]]>
            </line>
          </reporter-output>
        </test-method> <!-- login -->
        <test-method is-config="true" signature="closeApp()[pri:0, instance:testng.Testcase1@79da8dc5]" started-at="2022-10-12T01:23:01 GMT-07:00" name="closeApp" finished-at="2022-10-12T01:23:01 GMT-07:00" duration-ms="194" status="PASS">
          <reporter-output>
          </reporter-output>
        </test-method> <!-- closeApp -->
      </class> <!-- testng.Testcase1 -->
    </test> <!-- Default test(failed) -->
  </suite> <!-- Failed suite [Default suite] -->
</testng-results>
